[2021-03-16T22:28:49.380763+01:00] logger.NOTICE: Test Logger {"sid":"5i15jteqv4bfh5v99cfv8s1ca4"} []
[2021-03-16T22:28:49.398334+01:00] logger.NOTICE: Connected to database successfully! {"sid":"5i15jteqv4bfh5v99cfv8s1ca4"} []
[2021-03-16T22:28:49.483158+01:00] logger.NOTICE: Session key username set successfully! {"sid":"5i15jteqv4bfh5v99cfv8s1ca4"} []
[2021-03-16T22:28:49.483344+01:00] logger.NOTICE: Session key fname set successfully! {"sid":"5i15jteqv4bfh5v99cfv8s1ca4"} []
[2021-03-16T22:28:49.498571+01:00] logger.NOTICE: Connected to database successfully! {"sid":"5i15jteqv4bfh5v99cfv8s1ca4"} []
[2021-03-16T22:30:32.047715+01:00] logger.WARNING: Failed to connect to database! {"sid":"5i15jteqv4bfh5v99cfv8s1ca4"} []
[2021-03-16T22:40:44.209541+01:00] logger.NOTICE: Connected to database successfully! {"sid":"5i15jteqv4bfh5v99cfv8s1ca4"} []
[2021-03-16T22:52:28.290927+01:00] logger.NOTICE: Test Logger {"sid":"5i15jteqv4bfh5v99cfv8s1ca4"} []
[2021-03-16T22:52:28.296226+01:00] logger.WARNING: Failed to connect to database! {"sid":"5i15jteqv4bfh5v99cfv8s1ca4"} []
[2021-03-16T23:00:56.573411+01:00] logger.WARNING: Failed to connect to database! {"sid":"5i15jteqv4bfh5v99cfv8s1ca4"} []
[2021-03-16T23:03:55.766476+01:00] logger.NOTICE: Connected to database successfully! {"sid":"5i15jteqv4bfh5v99cfv8s1ca4"} []
[2021-03-16T23:03:55.855279+01:00] logger.NOTICE: Session key username set successfully! {"sid":"5i15jteqv4bfh5v99cfv8s1ca4"} []
[2021-03-16T23:03:55.855400+01:00] logger.NOTICE: Session key fname set successfully! {"sid":"5i15jteqv4bfh5v99cfv8s1ca4"} []
[2021-03-16T23:03:55.856913+01:00] logger.NOTICE: Connected to database successfully! {"sid":"5i15jteqv4bfh5v99cfv8s1ca4"} []
[2021-03-16T23:04:12.589646+01:00] logger.NOTICE: Connected to database successfully! {"sid":"5i15jteqv4bfh5v99cfv8s1ca4"} []
[2021-03-17T18:01:03.408007+01:00] logger.WARNING: Failed to connect to database! {"sid":"6c1e27caef59fe3cc4594809867cefd5"} []
[2021-03-17T18:01:28.610706+01:00] logger.WARNING: Failed to connect to database! {"sid":"6c1e27caef59fe3cc4594809867cefd5"} []
[2021-03-17T18:01:42.907338+01:00] logger.WARNING: Failed to connect to database! {"sid":"6c1e27caef59fe3cc4594809867cefd5"} []
[2021-03-17T18:02:10.662896+01:00] logger.WARNING: Failed to connect to database! {"sid":"6c1e27caef59fe3cc4594809867cefd5"} []
[2021-03-17T18:03:27.178140+01:00] logger.WARNING: Failed to connect to database! {"sid":"6c1e27caef59fe3cc4594809867cefd5"} []
[2021-03-17T18:03:59.847132+01:00] logger.WARNING: Failed to connect to database! {"sid":"6c1e27caef59fe3cc4594809867cefd5"} []
[2021-03-17T18:09:12.889836+01:00] logger.WARNING: Failed to connect to database! {"sid":"6c1e27caef59fe3cc4594809867cefd5"} []
[2021-03-17T18:15:44.235595+01:00] logger.WARNING: Failed to connect to database! {"sid":"6c1e27caef59fe3cc4594809867cefd5"} []
[2021-03-17T18:16:05.063670+01:00] logger.NOTICE: Connected to database successfully! {"sid":"6c1e27caef59fe3cc4594809867cefd5"} []
[2021-03-17T18:16:05.068640+01:00] logger.NOTICE: Session key username set successfully! {"sid":"6c1e27caef59fe3cc4594809867cefd5"} []
[2021-03-17T18:16:05.068689+01:00] logger.NOTICE: Session key fname set successfully! {"sid":"6c1e27caef59fe3cc4594809867cefd5"} []
[2021-03-17T18:16:05.094595+01:00] logger.NOTICE: Connected to database successfully! {"sid":"6c1e27caef59fe3cc4594809867cefd5"} []
[2021-03-17T18:19:12.597954+01:00] logger.NOTICE: Connected to database successfully! {"sid":"6c1e27caef59fe3cc4594809867cefd5"} []
[2021-03-17T18:22:29.755554+01:00] logger.NOTICE: Connected to database successfully! {"sid":"6c1e27caef59fe3cc4594809867cefd5"} []
[2021-03-17T18:22:29.758607+01:00] logger.NOTICE: Session key username set successfully! {"sid":"6c1e27caef59fe3cc4594809867cefd5"} []
[2021-03-17T18:22:29.758658+01:00] logger.NOTICE: Session key fname set successfully! {"sid":"6c1e27caef59fe3cc4594809867cefd5"} []
[2021-03-17T18:22:29.759347+01:00] logger.NOTICE: Connected to database successfully! {"sid":"6c1e27caef59fe3cc4594809867cefd5"} []
[2021-03-17T18:22:49.880300+01:00] logger.NOTICE: Connected to database successfully! {"sid":"6c1e27caef59fe3cc4594809867cefd5"} []
[2021-03-18T13:18:57.649334+01:00] logger.NOTICE: Connected to database successfully! {"sid":"6c1e27caef59fe3cc4594809867cefd5"} []
[2021-03-18T13:20:03.903955+01:00] logger.NOTICE: Connected to database successfully! {"sid":"6c1e27caef59fe3cc4594809867cefd5"} []
[2021-03-18T13:20:32.031797+01:00] logger.NOTICE: Connected to database successfully! {"sid":"6c1e27caef59fe3cc4594809867cefd5"} []
[2021-03-18T13:20:32.036060+01:00] logger.NOTICE: Session key username set successfully! {"sid":"6c1e27caef59fe3cc4594809867cefd5"} []
[2021-03-18T13:20:32.036135+01:00] logger.NOTICE: Session key username set successfully! {"sid":"6c1e27caef59fe3cc4594809867cefd5"} []
[2021-03-18T13:20:32.036167+01:00] logger.NOTICE: Session key fname set successfully! {"sid":"6c1e27caef59fe3cc4594809867cefd5"} []
[2021-03-18T13:20:32.046736+01:00] logger.NOTICE: Connected to database successfully! {"sid":"6c1e27caef59fe3cc4594809867cefd5"} []
[2021-03-18T13:21:09.386452+01:00] logger.NOTICE: Connected to database successfully! {"sid":"6c1e27caef59fe3cc4594809867cefd5"} []
[2021-03-18T13:21:57.610173+01:00] logger.NOTICE: Connected to database successfully! {"sid":"6c1e27caef59fe3cc4594809867cefd5"} []
[2021-03-18T13:22:59.035851+01:00] logger.NOTICE: Connected to database successfully! {"sid":"6c1e27caef59fe3cc4594809867cefd5"} []
[2021-03-18T13:22:59.040922+01:00] logger.NOTICE: Session key team_id set successfully! {"sid":"6c1e27caef59fe3cc4594809867cefd5"} []
[2021-03-18T13:22:59.040978+01:00] logger.NOTICE: Session key team_name set successfully! {"sid":"6c1e27caef59fe3cc4594809867cefd5"} []
[2021-03-18T13:22:59.041007+01:00] logger.NOTICE: Session key colour set successfully! {"sid":"6c1e27caef59fe3cc4594809867cefd5"} []
[2021-03-18T13:22:59.041032+01:00] logger.NOTICE: Session key rating set successfully! {"sid":"6c1e27caef59fe3cc4594809867cefd5"} []
[2021-03-18T13:24:06.218111+01:00] logger.NOTICE: Connected to database successfully! {"sid":"6c1e27caef59fe3cc4594809867cefd5"} []
[2021-03-18T13:24:06.226445+01:00] logger.NOTICE: Session key team_id set successfully! {"sid":"6c1e27caef59fe3cc4594809867cefd5"} []
[2021-03-18T13:24:06.226508+01:00] logger.NOTICE: Session key team_name set successfully! {"sid":"6c1e27caef59fe3cc4594809867cefd5"} []
[2021-03-18T13:24:06.226545+01:00] logger.NOTICE: Session key colour set successfully! {"sid":"6c1e27caef59fe3cc4594809867cefd5"} []
[2021-03-18T13:24:06.226576+01:00] logger.NOTICE: Session key rating set successfully! {"sid":"6c1e27caef59fe3cc4594809867cefd5"} []
[2021-03-18T13:41:54.103438+01:00] logger.NOTICE: Connected to database successfully! {"sid":"6c1e27caef59fe3cc4594809867cefd5"} []
[2021-03-18T13:41:54.107868+01:00] logger.NOTICE: Session key username set successfully! {"sid":"6c1e27caef59fe3cc4594809867cefd5"} []
[2021-03-18T13:41:54.107958+01:00] logger.NOTICE: Session key username set successfully! {"sid":"6c1e27caef59fe3cc4594809867cefd5"} []
[2021-03-18T13:41:54.107989+01:00] logger.NOTICE: Session key fname set successfully! {"sid":"6c1e27caef59fe3cc4594809867cefd5"} []
[2021-03-18T13:41:54.109195+01:00] logger.NOTICE: Connected to database successfully! {"sid":"6c1e27caef59fe3cc4594809867cefd5"} []
[2021-03-18T13:42:14.356609+01:00] logger.NOTICE: Connected to database successfully! {"sid":"6c1e27caef59fe3cc4594809867cefd5"} []
[2021-03-18T13:42:14.365671+01:00] logger.NOTICE: Session key team_id set successfully! {"sid":"6c1e27caef59fe3cc4594809867cefd5"} []
[2021-03-18T13:42:14.365741+01:00] logger.NOTICE: Session key team_name set successfully! {"sid":"6c1e27caef59fe3cc4594809867cefd5"} []
[2021-03-18T13:42:14.365769+01:00] logger.NOTICE: Session key colour set successfully! {"sid":"6c1e27caef59fe3cc4594809867cefd5"} []
[2021-03-18T13:42:14.365794+01:00] logger.NOTICE: Session key rating set successfully! {"sid":"6c1e27caef59fe3cc4594809867cefd5"} []
[2021-03-18T13:49:08.234050+01:00] logger.NOTICE: Connected to database successfully! {"sid":"6c1e27caef59fe3cc4594809867cefd5"} []
[2021-03-18T13:49:08.237737+01:00] logger.NOTICE: Session key username set successfully! {"sid":"6c1e27caef59fe3cc4594809867cefd5"} []
[2021-03-18T13:49:08.237795+01:00] logger.NOTICE: Session key username set successfully! {"sid":"6c1e27caef59fe3cc4594809867cefd5"} []
[2021-03-18T13:49:08.237827+01:00] logger.NOTICE: Session key fname set successfully! {"sid":"6c1e27caef59fe3cc4594809867cefd5"} []
[2021-03-18T13:49:08.252660+01:00] logger.NOTICE: Connected to database successfully! {"sid":"6c1e27caef59fe3cc4594809867cefd5"} []
[2021-03-18T13:49:44.872982+01:00] logger.NOTICE: Connected to database successfully! {"sid":"6c1e27caef59fe3cc4594809867cefd5"} []
[2021-03-18T13:49:44.875865+01:00] logger.NOTICE: Session key account_id set successfully! {"sid":"6c1e27caef59fe3cc4594809867cefd5"} []
[2021-03-18T13:49:44.875931+01:00] logger.NOTICE: Session key username set successfully! {"sid":"6c1e27caef59fe3cc4594809867cefd5"} []
[2021-03-18T13:49:44.875961+01:00] logger.NOTICE: Session key fname set successfully! {"sid":"6c1e27caef59fe3cc4594809867cefd5"} []
[2021-03-18T13:49:44.876706+01:00] logger.NOTICE: Connected to database successfully! {"sid":"6c1e27caef59fe3cc4594809867cefd5"} []
[2021-03-18T13:49:57.255077+01:00] logger.NOTICE: Connected to database successfully! {"sid":"6c1e27caef59fe3cc4594809867cefd5"} []
[2021-03-18T13:49:57.258706+01:00] logger.NOTICE: Session key team_id set successfully! {"sid":"6c1e27caef59fe3cc4594809867cefd5"} []
[2021-03-18T13:49:57.258754+01:00] logger.NOTICE: Session key team_name set successfully! {"sid":"6c1e27caef59fe3cc4594809867cefd5"} []
[2021-03-18T13:49:57.258782+01:00] logger.NOTICE: Session key colour set successfully! {"sid":"6c1e27caef59fe3cc4594809867cefd5"} []
[2021-03-18T13:49:57.258806+01:00] logger.NOTICE: Session key rating set successfully! {"sid":"6c1e27caef59fe3cc4594809867cefd5"} []
[2021-03-19T10:24:49.463245+01:00] logger.NOTICE: Connected to database successfully! {"sid":"7q3e1jeg5p6vff5fgnqnj8jq32"} []
[2021-03-19T10:26:37.979955+01:00] logger.NOTICE: Connected to database successfully! {"sid":"7q3e1jeg5p6vff5fgnqnj8jq32"} []
[2021-03-19T10:26:57.144318+01:00] logger.NOTICE: Connected to database successfully! {"sid":"7q3e1jeg5p6vff5fgnqnj8jq32"} []
[2021-03-19T10:28:34.238118+01:00] logger.NOTICE: Connected to database successfully! {"sid":"7q3e1jeg5p6vff5fgnqnj8jq32"} []
[2021-03-19T10:28:45.538296+01:00] logger.NOTICE: Connected to database successfully! {"sid":"7q3e1jeg5p6vff5fgnqnj8jq32"} []
[2021-03-19T10:29:20.171494+01:00] logger.NOTICE: Connected to database successfully! {"sid":"7q3e1jeg5p6vff5fgnqnj8jq32"} []
[2021-03-19T10:29:40.455315+01:00] logger.NOTICE: Connected to database successfully! {"sid":"7q3e1jeg5p6vff5fgnqnj8jq32"} []
[2021-03-19T10:30:37.288443+01:00] logger.NOTICE: Connected to database successfully! {"sid":"7q3e1jeg5p6vff5fgnqnj8jq32"} []
[2021-03-19T10:30:37.293929+01:00] logger.NOTICE: Session key account_id set successfully! {"sid":"7q3e1jeg5p6vff5fgnqnj8jq32"} []
[2021-03-19T10:30:37.294003+01:00] logger.NOTICE: Session key username set successfully! {"sid":"7q3e1jeg5p6vff5fgnqnj8jq32"} []
[2021-03-19T10:30:37.294031+01:00] logger.NOTICE: Session key fname set successfully! {"sid":"7q3e1jeg5p6vff5fgnqnj8jq32"} []
[2021-03-19T10:30:37.319969+01:00] logger.NOTICE: Connected to database successfully! {"sid":"7q3e1jeg5p6vff5fgnqnj8jq32"} []
[2021-03-19T10:30:48.312429+01:00] logger.NOTICE: Connected to database successfully! {"sid":"7q3e1jeg5p6vff5fgnqnj8jq32"} []
[2021-03-19T10:30:48.318492+01:00] logger.NOTICE: Session key team_id set successfully! {"sid":"7q3e1jeg5p6vff5fgnqnj8jq32"} []
[2021-03-19T10:30:48.318544+01:00] logger.NOTICE: Session key team_name set successfully! {"sid":"7q3e1jeg5p6vff5fgnqnj8jq32"} []
[2021-03-19T10:30:48.318574+01:00] logger.NOTICE: Session key colour set successfully! {"sid":"7q3e1jeg5p6vff5fgnqnj8jq32"} []
[2021-03-19T10:30:48.318601+01:00] logger.NOTICE: Session key rating set successfully! {"sid":"7q3e1jeg5p6vff5fgnqnj8jq32"} []
[2021-03-19T10:30:52.489586+01:00] logger.NOTICE: Connected to database successfully! {"sid":"7q3e1jeg5p6vff5fgnqnj8jq32"} []
[2021-03-19T11:44:36.287872+01:00] logger.NOTICE: Connected to database successfully! {"sid":"7q3e1jeg5p6vff5fgnqnj8jq32"} []
[2021-03-19T11:44:51.707000+01:00] logger.NOTICE: Connected to database successfully! {"sid":"7q3e1jeg5p6vff5fgnqnj8jq32"} []
[2021-03-19T11:45:39.942477+01:00] logger.NOTICE: Connected to database successfully! {"sid":"7q3e1jeg5p6vff5fgnqnj8jq32"} []
[2021-03-19T11:47:27.139717+01:00] logger.NOTICE: Connected to database successfully! {"sid":"7q3e1jeg5p6vff5fgnqnj8jq32"} []
[2021-03-19T11:48:56.202753+01:00] logger.NOTICE: Connected to database successfully! {"sid":"7q3e1jeg5p6vff5fgnqnj8jq32"} []
[2021-03-19T11:56:37.819082+01:00] logger.NOTICE: Connected to database successfully! {"sid":"7q3e1jeg5p6vff5fgnqnj8jq32"} []
[2021-03-19T11:57:11.840270+01:00] logger.NOTICE: Connected to database successfully! {"sid":"7q3e1jeg5p6vff5fgnqnj8jq32"} []
[2021-03-19T11:57:42.863065+01:00] logger.NOTICE: Connected to database successfully! {"sid":"7q3e1jeg5p6vff5fgnqnj8jq32"} []
[2021-03-19T11:58:07.888397+01:00] logger.NOTICE: Connected to database successfully! {"sid":"7q3e1jeg5p6vff5fgnqnj8jq32"} []
[2021-03-19T11:58:32.145978+01:00] logger.NOTICE: Connected to database successfully! {"sid":"7q3e1jeg5p6vff5fgnqnj8jq32"} []
[2021-03-19T11:58:51.434181+01:00] logger.NOTICE: Connected to database successfully! {"sid":"7q3e1jeg5p6vff5fgnqnj8jq32"} []
[2021-03-19T11:59:39.412911+01:00] logger.NOTICE: Connected to database successfully! {"sid":"7q3e1jeg5p6vff5fgnqnj8jq32"} []
[2021-03-19T12:00:43.904267+01:00] logger.NOTICE: Connected to database successfully! {"sid":"7q3e1jeg5p6vff5fgnqnj8jq32"} []
[2021-03-19T12:01:24.966974+01:00] logger.NOTICE: Connected to database successfully! {"sid":"7q3e1jeg5p6vff5fgnqnj8jq32"} []
[2021-03-19T12:03:25.305279+01:00] logger.NOTICE: Connected to database successfully! {"sid":"7q3e1jeg5p6vff5fgnqnj8jq32"} []
[2021-03-19T14:27:09.108103+01:00] logger.NOTICE: Connected to database successfully! {"sid":"7q3e1jeg5p6vff5fgnqnj8jq32"} []
[2021-03-19T14:27:39.880061+01:00] logger.NOTICE: Connected to database successfully! {"sid":"7q3e1jeg5p6vff5fgnqnj8jq32"} []
[2021-03-19T14:27:43.937409+01:00] logger.NOTICE: Connected to database successfully! {"sid":"7q3e1jeg5p6vff5fgnqnj8jq32"} []
[2021-03-19T14:27:44.458312+01:00] logger.NOTICE: Connected to database successfully! {"sid":"7q3e1jeg5p6vff5fgnqnj8jq32"} []
[2021-03-19T14:27:44.616228+01:00] logger.NOTICE: Connected to database successfully! {"sid":"7q3e1jeg5p6vff5fgnqnj8jq32"} []
[2021-03-19T14:27:44.743254+01:00] logger.NOTICE: Connected to database successfully! {"sid":"7q3e1jeg5p6vff5fgnqnj8jq32"} []
[2021-03-20T19:21:40.866848+01:00] logger.NOTICE: Connected to database successfully! {"sid":"7q3e1jeg5p6vff5fgnqnj8jq32"} []
[2021-03-20T19:22:11.087499+01:00] logger.NOTICE: Connected to database successfully! {"sid":"7q3e1jeg5p6vff5fgnqnj8jq32"} []
[2021-03-20T19:23:11.639408+01:00] logger.NOTICE: Connected to database successfully! {"sid":"7q3e1jeg5p6vff5fgnqnj8jq32"} []
[2021-03-20T19:23:13.868682+01:00] logger.NOTICE: Connected to database successfully! {"sid":"7q3e1jeg5p6vff5fgnqnj8jq32"} []
[2021-03-20T19:23:44.417442+01:00] logger.NOTICE: Connected to database successfully! {"sid":"7q3e1jeg5p6vff5fgnqnj8jq32"} []
[2021-03-20T19:24:43.206813+01:00] logger.NOTICE: Connected to database successfully! {"sid":"7q3e1jeg5p6vff5fgnqnj8jq32"} []
[2021-03-20T19:24:52.166763+01:00] logger.NOTICE: Connected to database successfully! {"sid":"7q3e1jeg5p6vff5fgnqnj8jq32"} []
[2021-03-20T19:25:28.539887+01:00] logger.NOTICE: Connected to database successfully! {"sid":"7q3e1jeg5p6vff5fgnqnj8jq32"} []
[2021-03-20T19:25:38.998739+01:00] logger.NOTICE: Connected to database successfully! {"sid":"7q3e1jeg5p6vff5fgnqnj8jq32"} []
[2021-03-20T19:25:40.164149+01:00] logger.NOTICE: Connected to database successfully! {"sid":"7q3e1jeg5p6vff5fgnqnj8jq32"} []
[2021-03-20T19:25:41.265493+01:00] logger.NOTICE: Connected to database successfully! {"sid":"7q3e1jeg5p6vff5fgnqnj8jq32"} []
[2021-03-20T19:25:44.553395+01:00] logger.NOTICE: Connected to database successfully! {"sid":"7q3e1jeg5p6vff5fgnqnj8jq32"} []
[2021-03-20T19:25:50.516400+01:00] logger.NOTICE: Connected to database successfully! {"sid":"7q3e1jeg5p6vff5fgnqnj8jq32"} []
[2021-03-20T19:58:06.788957+01:00] logger.NOTICE: Connected to database successfully! {"sid":"5i15jteqv4bfh5v99cfv8s1ca4"} []
[2021-03-20T19:58:58.942084+01:00] logger.NOTICE: Connected to database successfully! {"sid":"5i15jteqv4bfh5v99cfv8s1ca4"} []
[2021-03-20T19:59:04.758831+01:00] logger.NOTICE: Connected to database successfully! {"sid":"5i15jteqv4bfh5v99cfv8s1ca4"} []
[2021-03-20T20:00:51.971747+01:00] logger.NOTICE: Connected to database successfully! {"sid":"5i15jteqv4bfh5v99cfv8s1ca4"} []
[2021-03-20T20:14:31.367453+01:00] logger.NOTICE: Connected to database successfully! {"sid":"5i15jteqv4bfh5v99cfv8s1ca4"} []
[2021-03-20T20:15:48.301265+01:00] logger.NOTICE: Connected to database successfully! {"sid":"5i15jteqv4bfh5v99cfv8s1ca4"} []
[2021-03-20T20:24:07.867495+01:00] logger.NOTICE: Connected to database successfully! {"sid":"5i15jteqv4bfh5v99cfv8s1ca4"} []
[2021-03-20T20:24:51.296322+01:00] logger.NOTICE: Connected to database successfully! {"sid":"5i15jteqv4bfh5v99cfv8s1ca4"} []
[2021-03-20T20:24:55.080440+01:00] logger.NOTICE: Connected to database successfully! {"sid":"5i15jteqv4bfh5v99cfv8s1ca4"} []
[2021-03-20T20:26:22.644970+01:00] logger.NOTICE: Connected to database successfully! {"sid":"5i15jteqv4bfh5v99cfv8s1ca4"} []
[2021-03-20T20:29:24.955715+01:00] logger.NOTICE: Connected to database successfully! {"sid":"5i15jteqv4bfh5v99cfv8s1ca4"} []
[2021-03-20T20:30:09.041973+01:00] logger.NOTICE: Connected to database successfully! {"sid":"5i15jteqv4bfh5v99cfv8s1ca4"} []
[2021-03-20T20:31:19.766618+01:00] logger.NOTICE: Connected to database successfully! {"sid":"5i15jteqv4bfh5v99cfv8s1ca4"} []
[2021-03-20T20:31:52.380727+01:00] logger.NOTICE: Connected to database successfully! {"sid":"5i15jteqv4bfh5v99cfv8s1ca4"} []
[2021-03-20T20:39:32.562166+01:00] logger.NOTICE: Connected to database successfully! {"sid":"5i15jteqv4bfh5v99cfv8s1ca4"} []
[2021-03-20T20:40:34.884988+01:00] logger.NOTICE: Connected to database successfully! {"sid":"5i15jteqv4bfh5v99cfv8s1ca4"} []
[2021-03-20T20:49:12.093481+01:00] logger.NOTICE: Connected to database successfully! {"sid":"5i15jteqv4bfh5v99cfv8s1ca4"} []
[2021-03-20T20:58:13.408001+01:00] logger.NOTICE: Connected to database successfully! {"sid":"5i15jteqv4bfh5v99cfv8s1ca4"} []
[2021-03-20T20:58:41.232069+01:00] logger.NOTICE: Connected to database successfully! {"sid":"5i15jteqv4bfh5v99cfv8s1ca4"} []
[2021-03-20T20:59:58.592080+01:00] logger.NOTICE: Connected to database successfully! {"sid":"5i15jteqv4bfh5v99cfv8s1ca4"} []
[2021-03-20T21:00:22.416040+01:00] logger.NOTICE: Connected to database successfully! {"sid":"5i15jteqv4bfh5v99cfv8s1ca4"} []
[2021-03-20T21:29:03.944341+01:00] logger.NOTICE: Connected to database successfully! {"sid":"5i15jteqv4bfh5v99cfv8s1ca4"} []
[2021-03-20T21:29:14.531726+01:00] logger.NOTICE: Connected to database successfully! {"sid":"5i15jteqv4bfh5v99cfv8s1ca4"} []
[2021-03-20T21:29:59.252094+01:00] logger.NOTICE: Connected to database successfully! {"sid":"5i15jteqv4bfh5v99cfv8s1ca4"} []
[2021-03-20T21:30:17.278398+01:00] logger.NOTICE: Connected to database successfully! {"sid":"5i15jteqv4bfh5v99cfv8s1ca4"} []
[2021-03-20T21:30:27.955054+01:00] logger.NOTICE: Connected to database successfully! {"sid":"5i15jteqv4bfh5v99cfv8s1ca4"} []
[2021-03-20T21:30:31.296374+01:00] logger.NOTICE: Connected to database successfully! {"sid":"5i15jteqv4bfh5v99cfv8s1ca4"} []
[2021-03-20T21:30:45.332474+01:00] logger.NOTICE: Connected to database successfully! {"sid":"5i15jteqv4bfh5v99cfv8s1ca4"} []
[2021-03-20T21:45:29.012127+01:00] logger.NOTICE: Connected to database successfully! {"sid":"5i15jteqv4bfh5v99cfv8s1ca4"} []
[2021-03-20T21:48:30.514670+01:00] logger.NOTICE: Connected to database successfully! {"sid":"5i15jteqv4bfh5v99cfv8s1ca4"} []
[2021-03-20T21:50:24.659448+01:00] logger.NOTICE: Connected to database successfully! {"sid":"5i15jteqv4bfh5v99cfv8s1ca4"} []
[2021-03-20T21:51:22.024972+01:00] logger.NOTICE: Connected to database successfully! {"sid":"5i15jteqv4bfh5v99cfv8s1ca4"} []
[2021-03-20T21:52:12.084347+01:00] logger.NOTICE: Connected to database successfully! {"sid":"5i15jteqv4bfh5v99cfv8s1ca4"} []
[2021-03-20T21:53:09.054988+01:00] logger.NOTICE: Connected to database successfully! {"sid":"5i15jteqv4bfh5v99cfv8s1ca4"} []
[2021-03-20T21:54:14.575169+01:00] logger.NOTICE: Connected to database successfully! {"sid":"5i15jteqv4bfh5v99cfv8s1ca4"} []
[2021-03-20T21:55:03.878893+01:00] logger.NOTICE: Connected to database successfully! {"sid":"5i15jteqv4bfh5v99cfv8s1ca4"} []
[2021-03-20T21:59:18.537042+01:00] logger.NOTICE: Connected to database successfully! {"sid":"5i15jteqv4bfh5v99cfv8s1ca4"} []
[2021-03-20T21:59:27.124501+01:00] logger.NOTICE: Connected to database successfully! {"sid":"5i15jteqv4bfh5v99cfv8s1ca4"} []
[2021-03-20T21:59:31.215194+01:00] logger.NOTICE: Connected to database successfully! {"sid":"5i15jteqv4bfh5v99cfv8s1ca4"} []
[2021-03-20T22:01:30.949649+01:00] logger.NOTICE: Connected to database successfully! {"sid":"5i15jteqv4bfh5v99cfv8s1ca4"} []
[2021-03-20T22:01:52.434539+01:00] logger.NOTICE: Connected to database successfully! {"sid":"5i15jteqv4bfh5v99cfv8s1ca4"} []
[2021-03-20T22:03:18.941941+01:00] logger.NOTICE: Connected to database successfully! {"sid":"5i15jteqv4bfh5v99cfv8s1ca4"} []
[2021-03-20T22:03:21.964791+01:00] logger.NOTICE: Connected to database successfully! {"sid":"5i15jteqv4bfh5v99cfv8s1ca4"} []
[2021-03-20T22:05:40.102259+01:00] logger.NOTICE: Connected to database successfully! {"sid":"5i15jteqv4bfh5v99cfv8s1ca4"} []
[2021-03-20T22:05:49.371710+01:00] logger.NOTICE: Connected to database successfully! {"sid":"5i15jteqv4bfh5v99cfv8s1ca4"} []
[2021-03-20T22:05:55.277436+01:00] logger.NOTICE: Connected to database successfully! {"sid":"5i15jteqv4bfh5v99cfv8s1ca4"} []
[2021-03-20T22:05:59.124817+01:00] logger.NOTICE: Connected to database successfully! {"sid":"5i15jteqv4bfh5v99cfv8s1ca4"} []
[2021-03-20T22:06:02.931823+01:00] logger.NOTICE: Connected to database successfully! {"sid":"5i15jteqv4bfh5v99cfv8s1ca4"} []
[2021-03-20T22:06:44.840459+01:00] logger.NOTICE: Connected to database successfully! {"sid":"5i15jteqv4bfh5v99cfv8s1ca4"} []
[2021-03-20T22:07:41.135473+01:00] logger.NOTICE: Connected to database successfully! {"sid":"5i15jteqv4bfh5v99cfv8s1ca4"} []
[2021-03-20T22:08:15.068125+01:00] logger.NOTICE: Connected to database successfully! {"sid":"5i15jteqv4bfh5v99cfv8s1ca4"} []
[2021-03-20T22:08:17.770491+01:00] logger.NOTICE: Connected to database successfully! {"sid":"5i15jteqv4bfh5v99cfv8s1ca4"} []
[2021-03-20T22:08:57.460627+01:00] logger.NOTICE: Connected to database successfully! {"sid":"5i15jteqv4bfh5v99cfv8s1ca4"} []
[2021-03-20T22:09:04.709684+01:00] logger.NOTICE: Connected to database successfully! {"sid":"5i15jteqv4bfh5v99cfv8s1ca4"} []
[2021-03-20T22:12:03.063777+01:00] logger.NOTICE: Connected to database successfully! {"sid":"5i15jteqv4bfh5v99cfv8s1ca4"} []
[2021-03-20T22:12:06.360988+01:00] logger.NOTICE: Connected to database successfully! {"sid":"5i15jteqv4bfh5v99cfv8s1ca4"} []
[2021-03-20T22:31:25.756792+01:00] logger.NOTICE: Connected to database successfully! {"sid":"5i15jteqv4bfh5v99cfv8s1ca4"} []
[2021-03-20T22:33:48.361934+01:00] logger.NOTICE: Connected to database successfully! {"sid":"5i15jteqv4bfh5v99cfv8s1ca4"} []
[2021-03-20T22:33:51.582063+01:00] logger.NOTICE: Connected to database successfully! {"sid":"5i15jteqv4bfh5v99cfv8s1ca4"} []
[2021-03-20T22:34:27.793520+01:00] logger.NOTICE: Connected to database successfully! {"sid":"5i15jteqv4bfh5v99cfv8s1ca4"} []
[2021-03-20T22:35:40.657215+01:00] logger.NOTICE: Connected to database successfully! {"sid":"5i15jteqv4bfh5v99cfv8s1ca4"} []
[2021-03-20T22:35:46.461855+01:00] logger.NOTICE: Connected to database successfully! {"sid":"5i15jteqv4bfh5v99cfv8s1ca4"} []
[2021-03-20T22:36:22.381608+01:00] logger.NOTICE: Connected to database successfully! {"sid":"5i15jteqv4bfh5v99cfv8s1ca4"} []
[2021-03-20T22:37:06.433030+01:00] logger.NOTICE: Connected to database successfully! {"sid":"5i15jteqv4bfh5v99cfv8s1ca4"} []
[2021-03-20T22:37:28.357698+01:00] logger.NOTICE: Connected to database successfully! {"sid":"5i15jteqv4bfh5v99cfv8s1ca4"} []
[2021-03-20T22:37:54.697544+01:00] logger.NOTICE: Connected to database successfully! {"sid":"5i15jteqv4bfh5v99cfv8s1ca4"} []
[2021-03-20T22:37:57.387652+01:00] logger.NOTICE: Connected to database successfully! {"sid":"5i15jteqv4bfh5v99cfv8s1ca4"} []
[2021-03-20T22:39:53.416288+01:00] logger.NOTICE: Connected to database successfully! {"sid":"5i15jteqv4bfh5v99cfv8s1ca4"} []
[2021-03-20T22:47:08.845231+01:00] logger.NOTICE: Connected to database successfully! {"sid":"5i15jteqv4bfh5v99cfv8s1ca4"} []
[2021-03-20T23:05:45.496402+01:00] logger.NOTICE: Connected to database successfully! {"sid":"5i15jteqv4bfh5v99cfv8s1ca4"} []
[2021-03-20T23:08:46.995499+01:00] logger.NOTICE: Connected to database successfully! {"sid":"5i15jteqv4bfh5v99cfv8s1ca4"} []
[2021-03-20T23:13:12.614028+01:00] logger.NOTICE: Connected to database successfully! {"sid":"5i15jteqv4bfh5v99cfv8s1ca4"} []
[2021-03-20T23:15:10.868606+01:00] logger.NOTICE: Connected to database successfully! {"sid":"5i15jteqv4bfh5v99cfv8s1ca4"} []
[2021-03-20T23:15:47.315389+01:00] logger.NOTICE: Connected to database successfully! {"sid":"5i15jteqv4bfh5v99cfv8s1ca4"} []
[2021-03-20T23:18:06.146776+01:00] logger.NOTICE: Connected to database successfully! {"sid":"5i15jteqv4bfh5v99cfv8s1ca4"} []
[2021-03-20T23:18:49.161993+01:00] logger.NOTICE: Connected to database successfully! {"sid":"5i15jteqv4bfh5v99cfv8s1ca4"} []
[2021-03-20T23:31:26.330448+01:00] logger.NOTICE: Connected to database successfully! {"sid":"5i15jteqv4bfh5v99cfv8s1ca4"} []
[2021-03-20T23:32:00.289567+01:00] logger.NOTICE: Connected to database successfully! {"sid":"5i15jteqv4bfh5v99cfv8s1ca4"} []
[2021-03-20T23:35:22.574656+01:00] logger.NOTICE: Connected to database successfully! {"sid":"5i15jteqv4bfh5v99cfv8s1ca4"} []
[2021-03-20T23:36:27.555845+01:00] logger.NOTICE: Connected to database successfully! {"sid":"5i15jteqv4bfh5v99cfv8s1ca4"} []
[2021-03-20T23:36:58.052288+01:00] logger.NOTICE: Connected to database successfully! {"sid":"5i15jteqv4bfh5v99cfv8s1ca4"} []
[2021-03-20T23:37:36.946920+01:00] logger.NOTICE: Connected to database successfully! {"sid":"5i15jteqv4bfh5v99cfv8s1ca4"} []
[2021-03-20T23:42:14.340246+01:00] logger.NOTICE: Connected to database successfully! {"sid":"5i15jteqv4bfh5v99cfv8s1ca4"} []
[2021-03-20T23:43:34.216734+01:00] logger.NOTICE: Connected to database successfully! {"sid":"5i15jteqv4bfh5v99cfv8s1ca4"} []
[2021-03-20T23:44:19.982348+01:00] logger.NOTICE: Connected to database successfully! {"sid":"5i15jteqv4bfh5v99cfv8s1ca4"} []
[2021-03-20T23:55:00.302725+01:00] logger.NOTICE: Connected to database successfully! {"sid":"5i15jteqv4bfh5v99cfv8s1ca4"} []
[2021-03-20T23:55:29.884598+01:00] logger.NOTICE: Connected to database successfully! {"sid":"5i15jteqv4bfh5v99cfv8s1ca4"} []
[2021-03-20T23:57:27.389868+01:00] logger.NOTICE: Connected to database successfully! {"sid":"5i15jteqv4bfh5v99cfv8s1ca4"} []
[2021-03-20T23:58:04.860843+01:00] logger.NOTICE: Connected to database successfully! {"sid":"5i15jteqv4bfh5v99cfv8s1ca4"} []
[2021-03-20T23:58:26.669645+01:00] logger.NOTICE: Connected to database successfully! {"sid":"5i15jteqv4bfh5v99cfv8s1ca4"} []
[2021-03-20T23:59:22.996210+01:00] logger.NOTICE: Connected to database successfully! {"sid":"5i15jteqv4bfh5v99cfv8s1ca4"} []
[2021-03-20T23:59:27.036145+01:00] logger.NOTICE: Connected to database successfully! {"sid":"5i15jteqv4bfh5v99cfv8s1ca4"} []
[2021-03-21T00:01:58.038883+01:00] logger.NOTICE: Connected to database successfully! {"sid":"5i15jteqv4bfh5v99cfv8s1ca4"} []
[2021-03-21T00:02:00.894571+01:00] logger.NOTICE: Connected to database successfully! {"sid":"5i15jteqv4bfh5v99cfv8s1ca4"} []
[2021-03-21T00:02:04.552346+01:00] logger.NOTICE: Connected to database successfully! {"sid":"5i15jteqv4bfh5v99cfv8s1ca4"} []
[2021-03-21T00:02:20.779405+01:00] logger.NOTICE: Connected to database successfully! {"sid":"5i15jteqv4bfh5v99cfv8s1ca4"} []
[2021-03-21T00:02:26.211984+01:00] logger.NOTICE: Connected to database successfully! {"sid":"5i15jteqv4bfh5v99cfv8s1ca4"} []
[2021-03-21T00:06:18.021603+01:00] logger.NOTICE: Connected to database successfully! {"sid":"5i15jteqv4bfh5v99cfv8s1ca4"} []
[2021-03-21T00:06:32.115661+01:00] logger.NOTICE: Connected to database successfully! {"sid":"5i15jteqv4bfh5v99cfv8s1ca4"} []
[2021-03-21T00:06:38.024001+01:00] logger.NOTICE: Connected to database successfully! {"sid":"5i15jteqv4bfh5v99cfv8s1ca4"} []
[2021-03-21T00:06:45.644190+01:00] logger.NOTICE: Connected to database successfully! {"sid":"5i15jteqv4bfh5v99cfv8s1ca4"} []
[2021-03-21T00:23:12.269342+01:00] logger.NOTICE: Connected to database successfully! {"sid":"5i15jteqv4bfh5v99cfv8s1ca4"} []
[2021-03-21T00:23:19.700164+01:00] logger.NOTICE: Connected to database successfully! {"sid":"5i15jteqv4bfh5v99cfv8s1ca4"} []
[2021-03-21T00:23:48.972786+01:00] logger.NOTICE: Connected to database successfully! {"sid":"5i15jteqv4bfh5v99cfv8s1ca4"} []
[2021-03-21T00:28:38.870706+01:00] logger.NOTICE: Connected to database successfully! {"sid":"5i15jteqv4bfh5v99cfv8s1ca4"} []
[2021-03-21T00:28:47.510075+01:00] logger.NOTICE: Connected to database successfully! {"sid":"5i15jteqv4bfh5v99cfv8s1ca4"} []
[2021-03-21T00:33:18.333838+01:00] logger.NOTICE: Connected to database successfully! {"sid":"5i15jteqv4bfh5v99cfv8s1ca4"} []
[2021-03-21T00:33:26.391490+01:00] logger.NOTICE: Connected to database successfully! {"sid":"5i15jteqv4bfh5v99cfv8s1ca4"} []
[2021-03-21T00:33:30.284927+01:00] logger.NOTICE: Connected to database successfully! {"sid":"5i15jteqv4bfh5v99cfv8s1ca4"} []
[2021-03-21T00:33:42.144705+01:00] logger.NOTICE: Connected to database successfully! {"sid":"5i15jteqv4bfh5v99cfv8s1ca4"} []
[2021-03-21T00:33:45.065788+01:00] logger.NOTICE: Connected to database successfully! {"sid":"5i15jteqv4bfh5v99cfv8s1ca4"} []
[2021-03-21T00:33:54.378508+01:00] logger.NOTICE: Connected to database successfully! {"sid":"5i15jteqv4bfh5v99cfv8s1ca4"} []
[2021-03-21T00:37:07.229516+01:00] logger.NOTICE: Connected to database successfully! {"sid":"5i15jteqv4bfh5v99cfv8s1ca4"} []
[2021-03-21T00:37:20.120768+01:00] logger.NOTICE: Connected to database successfully! {"sid":"5i15jteqv4bfh5v99cfv8s1ca4"} []
[2021-03-21T00:37:22.621672+01:00] logger.NOTICE: Connected to database successfully! {"sid":"5i15jteqv4bfh5v99cfv8s1ca4"} []
[2021-03-21T00:37:27.607757+01:00] logger.NOTICE: Connected to database successfully! {"sid":"5i15jteqv4bfh5v99cfv8s1ca4"} []
[2021-03-21T00:37:47.868086+01:00] logger.NOTICE: Connected to database successfully! {"sid":"5i15jteqv4bfh5v99cfv8s1ca4"} []
[2021-03-21T00:38:06.618315+01:00] logger.NOTICE: Connected to database successfully! {"sid":"5i15jteqv4bfh5v99cfv8s1ca4"} []
[2021-03-21T00:45:27.619358+01:00] logger.NOTICE: Connected to database successfully! {"sid":"5i15jteqv4bfh5v99cfv8s1ca4"} []
[2021-03-21T00:46:21.082047+01:00] logger.NOTICE: Connected to database successfully! {"sid":"5i15jteqv4bfh5v99cfv8s1ca4"} []
[2021-03-21T00:52:54.438225+01:00] logger.NOTICE: Connected to database successfully! {"sid":"5i15jteqv4bfh5v99cfv8s1ca4"} []
[2021-03-21T00:53:40.302556+01:00] logger.NOTICE: Connected to database successfully! {"sid":"5i15jteqv4bfh5v99cfv8s1ca4"} []
[2021-03-21T00:54:03.515785+01:00] logger.NOTICE: Connected to database successfully! {"sid":"5i15jteqv4bfh5v99cfv8s1ca4"} []
[2021-03-21T00:54:03.684696+01:00] logger.NOTICE: Session key account_id set successfully! {"sid":"5i15jteqv4bfh5v99cfv8s1ca4"} []
[2021-03-21T00:54:03.684836+01:00] logger.NOTICE: Session key username set successfully! {"sid":"5i15jteqv4bfh5v99cfv8s1ca4"} []
[2021-03-21T00:54:03.684976+01:00] logger.NOTICE: Session key fname set successfully! {"sid":"5i15jteqv4bfh5v99cfv8s1ca4"} []
[2021-03-21T00:54:03.686498+01:00] logger.NOTICE: Connected to database successfully! {"sid":"5i15jteqv4bfh5v99cfv8s1ca4"} []
[2021-03-21T00:59:09.748216+01:00] logger.NOTICE: Connected to database successfully! {"sid":"5i15jteqv4bfh5v99cfv8s1ca4"} []
[2021-03-21T00:59:13.549996+01:00] logger.NOTICE: Connected to database successfully! {"sid":"5i15jteqv4bfh5v99cfv8s1ca4"} []
[2021-03-21T00:59:16.823226+01:00] logger.NOTICE: Connected to database successfully! {"sid":"5i15jteqv4bfh5v99cfv8s1ca4"} []
[2021-03-21T00:59:25.567153+01:00] logger.NOTICE: Connected to database successfully! {"sid":"5i15jteqv4bfh5v99cfv8s1ca4"} []
[2021-03-21T01:00:05.553110+01:00] logger.NOTICE: Connected to database successfully! {"sid":"5i15jteqv4bfh5v99cfv8s1ca4"} []
[2021-03-21T01:00:25.540304+01:00] logger.NOTICE: Connected to database successfully! {"sid":"5i15jteqv4bfh5v99cfv8s1ca4"} []
[2021-03-21T01:01:41.543704+01:00] logger.NOTICE: Connected to database successfully! {"sid":"5i15jteqv4bfh5v99cfv8s1ca4"} []
[2021-03-21T01:01:50.073078+01:00] logger.NOTICE: Connected to database successfully! {"sid":"5i15jteqv4bfh5v99cfv8s1ca4"} []
[2021-03-21T01:02:00.985369+01:00] logger.NOTICE: Connected to database successfully! {"sid":"5i15jteqv4bfh5v99cfv8s1ca4"} []
[2021-03-21T01:02:02.684299+01:00] logger.NOTICE: Connected to database successfully! {"sid":"5i15jteqv4bfh5v99cfv8s1ca4"} []
[2021-03-21T01:02:58.698658+01:00] logger.NOTICE: Connected to database successfully! {"sid":"5i15jteqv4bfh5v99cfv8s1ca4"} []
[2021-03-21T01:03:03.764938+01:00] logger.NOTICE: Connected to database successfully! {"sid":"5i15jteqv4bfh5v99cfv8s1ca4"} []
[2021-03-21T01:03:07.677388+01:00] logger.NOTICE: Connected to database successfully! {"sid":"5i15jteqv4bfh5v99cfv8s1ca4"} []
[2021-03-21T01:03:09.855302+01:00] logger.NOTICE: Connected to database successfully! {"sid":"5i15jteqv4bfh5v99cfv8s1ca4"} []
[2021-03-21T01:03:20.588484+01:00] logger.NOTICE: Connected to database successfully! {"sid":"5i15jteqv4bfh5v99cfv8s1ca4"} []
[2021-03-21T01:10:53.830908+01:00] logger.NOTICE: Connected to database successfully! {"sid":"5i15jteqv4bfh5v99cfv8s1ca4"} []
[2021-03-21T01:14:00.654314+01:00] logger.NOTICE: Connected to database successfully! {"sid":"5i15jteqv4bfh5v99cfv8s1ca4"} []
[2021-03-21T01:14:25.299422+01:00] logger.NOTICE: Connected to database successfully! {"sid":"5i15jteqv4bfh5v99cfv8s1ca4"} []
[2021-03-21T01:14:35.567182+01:00] logger.NOTICE: Connected to database successfully! {"sid":"5i15jteqv4bfh5v99cfv8s1ca4"} []
[2021-03-21T01:17:16.189873+01:00] logger.NOTICE: Connected to database successfully! {"sid":"5i15jteqv4bfh5v99cfv8s1ca4"} []
[2021-03-21T01:17:42.220610+01:00] logger.NOTICE: Connected to database successfully! {"sid":"5i15jteqv4bfh5v99cfv8s1ca4"} []
[2021-03-21T01:17:55.514123+01:00] logger.NOTICE: Connected to database successfully! {"sid":"5i15jteqv4bfh5v99cfv8s1ca4"} []
[2021-03-21T01:17:58.225906+01:00] logger.NOTICE: Connected to database successfully! {"sid":"5i15jteqv4bfh5v99cfv8s1ca4"} []
[2021-03-21T02:43:08.939030+01:00] logger.NOTICE: Connected to database successfully! {"sid":"7q3e1jeg5p6vff5fgnqnj8jq32"} []
[2021-03-21T02:43:19.464859+01:00] logger.NOTICE: Connected to database successfully! {"sid":"7q3e1jeg5p6vff5fgnqnj8jq32"} []
[2021-03-21T02:43:48.994354+01:00] logger.NOTICE: Connected to database successfully! {"sid":"7q3e1jeg5p6vff5fgnqnj8jq32"} []
[2021-03-21T02:43:49.005819+01:00] logger.NOTICE: Session key account_id set successfully! {"sid":"7q3e1jeg5p6vff5fgnqnj8jq32"} []
[2021-03-21T02:43:49.005887+01:00] logger.NOTICE: Session key username set successfully! {"sid":"7q3e1jeg5p6vff5fgnqnj8jq32"} []
[2021-03-21T02:43:49.005919+01:00] logger.NOTICE: Session key fname set successfully! {"sid":"7q3e1jeg5p6vff5fgnqnj8jq32"} []
[2021-03-21T02:43:49.023544+01:00] logger.NOTICE: Connected to database successfully! {"sid":"7q3e1jeg5p6vff5fgnqnj8jq32"} []
[2021-03-21T02:45:41.599557+01:00] logger.NOTICE: Connected to database successfully! {"sid":"7q3e1jeg5p6vff5fgnqnj8jq32"} []
[2021-03-21T02:45:41.604089+01:00] logger.NOTICE: Session key account_id set successfully! {"sid":"7q3e1jeg5p6vff5fgnqnj8jq32"} []
[2021-03-21T02:45:41.604195+01:00] logger.NOTICE: Session key username set successfully! {"sid":"7q3e1jeg5p6vff5fgnqnj8jq32"} []
[2021-03-21T02:45:41.604233+01:00] logger.NOTICE: Session key fname set successfully! {"sid":"7q3e1jeg5p6vff5fgnqnj8jq32"} []
[2021-03-21T02:45:41.615408+01:00] logger.NOTICE: Connected to database successfully! {"sid":"7q3e1jeg5p6vff5fgnqnj8jq32"} []
[2021-03-21T02:46:19.932194+01:00] logger.NOTICE: Connected to database successfully! {"sid":"7q3e1jeg5p6vff5fgnqnj8jq32"} []
[2021-03-21T02:46:19.939632+01:00] logger.NOTICE: Session key account_id set successfully! {"sid":"7q3e1jeg5p6vff5fgnqnj8jq32"} []
[2021-03-21T02:46:19.939693+01:00] logger.NOTICE: Session key username set successfully! {"sid":"7q3e1jeg5p6vff5fgnqnj8jq32"} []
[2021-03-21T02:46:19.939718+01:00] logger.NOTICE: Session key fname set successfully! {"sid":"7q3e1jeg5p6vff5fgnqnj8jq32"} []
[2021-03-21T02:46:19.940354+01:00] logger.NOTICE: Connected to database successfully! {"sid":"7q3e1jeg5p6vff5fgnqnj8jq32"} []
[2021-03-21T02:52:27.571408+01:00] logger.NOTICE: Connected to database successfully! {"sid":"7q3e1jeg5p6vff5fgnqnj8jq32"} []
[2021-03-21T02:52:37.418443+01:00] logger.NOTICE: Connected to database successfully! {"sid":"7q3e1jeg5p6vff5fgnqnj8jq32"} []
[2021-03-21T02:53:02.889401+01:00] logger.NOTICE: Connected to database successfully! {"sid":"7q3e1jeg5p6vff5fgnqnj8jq32"} []
[2021-03-21T02:53:33.655305+01:00] logger.NOTICE: Connected to database successfully! {"sid":"7q3e1jeg5p6vff5fgnqnj8jq32"} []
[2021-03-21T02:53:41.498635+01:00] logger.NOTICE: Connected to database successfully! {"sid":"7q3e1jeg5p6vff5fgnqnj8jq32"} []
[2021-03-21T02:53:41.823389+01:00] logger.NOTICE: Connected to database successfully! {"sid":"7q3e1jeg5p6vff5fgnqnj8jq32"} []
[2021-03-21T02:53:41.826070+01:00] logger.NOTICE: Session key account_id set successfully! {"sid":"7q3e1jeg5p6vff5fgnqnj8jq32"} []
[2021-03-21T02:53:41.826129+01:00] logger.NOTICE: Session key username set successfully! {"sid":"7q3e1jeg5p6vff5fgnqnj8jq32"} []
[2021-03-21T02:53:41.826160+01:00] logger.NOTICE: Session key fname set successfully! {"sid":"7q3e1jeg5p6vff5fgnqnj8jq32"} []
[2021-03-21T02:53:41.826889+01:00] logger.NOTICE: Connected to database successfully! {"sid":"7q3e1jeg5p6vff5fgnqnj8jq32"} []
[2021-03-21T02:53:47.013483+01:00] logger.NOTICE: Connected to database successfully! {"sid":"7q3e1jeg5p6vff5fgnqnj8jq32"} []
[2021-03-21T02:53:47.023995+01:00] logger.NOTICE: Session key team_id set successfully! {"sid":"7q3e1jeg5p6vff5fgnqnj8jq32"} []
[2021-03-21T02:53:47.024093+01:00] logger.NOTICE: Session key team_name set successfully! {"sid":"7q3e1jeg5p6vff5fgnqnj8jq32"} []
[2021-03-21T02:53:47.024122+01:00] logger.NOTICE: Session key colour set successfully! {"sid":"7q3e1jeg5p6vff5fgnqnj8jq32"} []
[2021-03-21T02:53:47.024147+01:00] logger.NOTICE: Session key rating set successfully! {"sid":"7q3e1jeg5p6vff5fgnqnj8jq32"} []
[2021-03-21T02:53:59.431246+01:00] logger.NOTICE: Connected to database successfully! {"sid":"7q3e1jeg5p6vff5fgnqnj8jq32"} []
[2021-03-21T02:54:10.734665+01:00] logger.NOTICE: Connected to database successfully! {"sid":"7q3e1jeg5p6vff5fgnqnj8jq32"} []
[2021-03-21T02:54:26.330128+01:00] logger.NOTICE: Connected to database successfully! {"sid":"7q3e1jeg5p6vff5fgnqnj8jq32"} []
[2021-03-21T02:56:02.868643+01:00] logger.NOTICE: Connected to database successfully! {"sid":"7q3e1jeg5p6vff5fgnqnj8jq32"} []
[2021-03-21T02:56:12.286301+01:00] logger.NOTICE: Connected to database successfully! {"sid":"7q3e1jeg5p6vff5fgnqnj8jq32"} []
[2021-03-21T02:56:12.293350+01:00] logger.NOTICE: Session key account_id set successfully! {"sid":"7q3e1jeg5p6vff5fgnqnj8jq32"} []
[2021-03-21T02:56:12.293420+01:00] logger.NOTICE: Session key username set successfully! {"sid":"7q3e1jeg5p6vff5fgnqnj8jq32"} []
[2021-03-21T02:56:12.293447+01:00] logger.NOTICE: Session key fname set successfully! {"sid":"7q3e1jeg5p6vff5fgnqnj8jq32"} []
[2021-03-21T02:56:12.294116+01:00] logger.NOTICE: Connected to database successfully! {"sid":"7q3e1jeg5p6vff5fgnqnj8jq32"} []
[2021-03-21T02:57:04.619976+01:00] logger.NOTICE: Connected to database successfully! {"sid":"7q3e1jeg5p6vff5fgnqnj8jq32"} []
[2021-03-21T02:57:15.315892+01:00] logger.NOTICE: Connected to database successfully! {"sid":"7q3e1jeg5p6vff5fgnqnj8jq32"} []
[2021-03-21T02:58:40.901796+01:00] logger.NOTICE: Connected to database successfully! {"sid":"7q3e1jeg5p6vff5fgnqnj8jq32"} []
[2021-03-21T02:59:25.968517+01:00] logger.NOTICE: Connected to database successfully! {"sid":"7q3e1jeg5p6vff5fgnqnj8jq32"} []
[2021-03-21T02:59:33.978884+01:00] logger.NOTICE: Connected to database successfully! {"sid":"7q3e1jeg5p6vff5fgnqnj8jq32"} []
[2021-03-21T03:01:10.987313+01:00] logger.NOTICE: Connected to database successfully! {"sid":"7q3e1jeg5p6vff5fgnqnj8jq32"} []
[2021-03-21T03:01:32.798335+01:00] logger.NOTICE: Connected to database successfully! {"sid":"7q3e1jeg5p6vff5fgnqnj8jq32"} []
[2021-03-21T03:01:42.491091+01:00] logger.NOTICE: Connected to database successfully! {"sid":"7q3e1jeg5p6vff5fgnqnj8jq32"} []
[2021-03-21T03:03:16.381600+01:00] logger.NOTICE: Connected to database successfully! {"sid":"7q3e1jeg5p6vff5fgnqnj8jq32"} []
[2021-03-21T03:03:16.420873+01:00] logger.NOTICE: Connected to database successfully! {"sid":"7q3e1jeg5p6vff5fgnqnj8jq32"} []
[2021-03-21T03:06:06.822044+01:00] logger.NOTICE: Connected to database successfully! {"sid":"7q3e1jeg5p6vff5fgnqnj8jq32"} []
[2021-03-21T03:06:22.837430+01:00] logger.NOTICE: Connected to database successfully! {"sid":"7q3e1jeg5p6vff5fgnqnj8jq32"} []
[2021-03-21T03:07:19.065119+01:00] logger.NOTICE: Connected to database successfully! {"sid":"7q3e1jeg5p6vff5fgnqnj8jq32"} []
[2021-03-21T03:07:25.750733+01:00] logger.NOTICE: Connected to database successfully! {"sid":"7q3e1jeg5p6vff5fgnqnj8jq32"} []
[2021-03-21T03:07:25.785002+01:00] logger.NOTICE: Connected to database successfully! {"sid":"7q3e1jeg5p6vff5fgnqnj8jq32"} []
[2021-03-21T03:08:03.701711+01:00] logger.NOTICE: Connected to database successfully! {"sid":"7q3e1jeg5p6vff5fgnqnj8jq32"} []
[2021-03-21T03:08:04.031852+01:00] logger.NOTICE: Connected to database successfully! {"sid":"7q3e1jeg5p6vff5fgnqnj8jq32"} []
[2021-03-21T03:08:04.036307+01:00] logger.NOTICE: Session key account_id set successfully! {"sid":"7q3e1jeg5p6vff5fgnqnj8jq32"} []
[2021-03-21T03:08:04.036365+01:00] logger.NOTICE: Session key username set successfully! {"sid":"7q3e1jeg5p6vff5fgnqnj8jq32"} []
[2021-03-21T03:08:04.036394+01:00] logger.NOTICE: Session key fname set successfully! {"sid":"7q3e1jeg5p6vff5fgnqnj8jq32"} []
[2021-03-21T03:08:04.037146+01:00] logger.NOTICE: Connected to database successfully! {"sid":"7q3e1jeg5p6vff5fgnqnj8jq32"} []
[2021-03-21T03:08:16.648353+01:00] logger.NOTICE: Connected to database successfully! {"sid":"7q3e1jeg5p6vff5fgnqnj8jq32"} []
[2021-03-21T03:08:16.656474+01:00] logger.NOTICE: Session key team_id set successfully! {"sid":"7q3e1jeg5p6vff5fgnqnj8jq32"} []
[2021-03-21T03:08:16.656527+01:00] logger.NOTICE: Session key team_name set successfully! {"sid":"7q3e1jeg5p6vff5fgnqnj8jq32"} []
[2021-03-21T03:08:16.656556+01:00] logger.NOTICE: Session key colour set successfully! {"sid":"7q3e1jeg5p6vff5fgnqnj8jq32"} []
[2021-03-21T03:08:16.656585+01:00] logger.NOTICE: Session key rating set successfully! {"sid":"7q3e1jeg5p6vff5fgnqnj8jq32"} []
[2021-03-21T03:08:30.503568+01:00] logger.NOTICE: Connected to database successfully! {"sid":"7q3e1jeg5p6vff5fgnqnj8jq32"} []
[2021-03-21T03:08:37.016432+01:00] logger.NOTICE: Connected to database successfully! {"sid":"7q3e1jeg5p6vff5fgnqnj8jq32"} []
[2021-03-21T03:08:54.000785+01:00] logger.NOTICE: Connected to database successfully! {"sid":"7q3e1jeg5p6vff5fgnqnj8jq32"} []
[2021-03-21T03:09:05.120761+01:00] logger.NOTICE: Connected to database successfully! {"sid":"7q3e1jeg5p6vff5fgnqnj8jq32"} []
[2021-03-21T03:09:28.613148+01:00] logger.NOTICE: Connected to database successfully! {"sid":"7q3e1jeg5p6vff5fgnqnj8jq32"} []
[2021-03-21T03:09:28.667301+01:00] logger.NOTICE: Connected to database successfully! {"sid":"7q3e1jeg5p6vff5fgnqnj8jq32"} []
[2021-03-21T03:09:28.937430+01:00] logger.NOTICE: Connected to database successfully! {"sid":"7q3e1jeg5p6vff5fgnqnj8jq32"} []
[2021-03-21T03:09:28.943836+01:00] logger.NOTICE: Session key account_id set successfully! {"sid":"7q3e1jeg5p6vff5fgnqnj8jq32"} []
[2021-03-21T03:09:28.943960+01:00] logger.NOTICE: Session key username set successfully! {"sid":"7q3e1jeg5p6vff5fgnqnj8jq32"} []
[2021-03-21T03:09:28.943989+01:00] logger.NOTICE: Session key fname set successfully! {"sid":"7q3e1jeg5p6vff5fgnqnj8jq32"} []
[2021-03-21T03:09:28.945364+01:00] logger.NOTICE: Connected to database successfully! {"sid":"7q3e1jeg5p6vff5fgnqnj8jq32"} []
[2021-03-21T03:13:29.832271+01:00] logger.NOTICE: Connected to database successfully! {"sid":"7q3e1jeg5p6vff5fgnqnj8jq32"} []
[2021-03-21T03:13:29.838303+01:00] logger.NOTICE: Session key team_id set successfully! {"sid":"7q3e1jeg5p6vff5fgnqnj8jq32"} []
[2021-03-21T03:13:29.838353+01:00] logger.NOTICE: Session key team_name set successfully! {"sid":"7q3e1jeg5p6vff5fgnqnj8jq32"} []
[2021-03-21T03:13:29.838384+01:00] logger.NOTICE: Session key colour set successfully! {"sid":"7q3e1jeg5p6vff5fgnqnj8jq32"} []
[2021-03-21T03:13:29.838410+01:00] logger.NOTICE: Session key rating set successfully! {"sid":"7q3e1jeg5p6vff5fgnqnj8jq32"} []
[2021-03-21T03:58:01.897418+01:00] logger.NOTICE: Connected to database successfully! {"sid":"7q3e1jeg5p6vff5fgnqnj8jq32"} []
[2021-03-21T03:58:37.623722+01:00] logger.NOTICE: Connected to database successfully! {"sid":"7q3e1jeg5p6vff5fgnqnj8jq32"} []
[2021-03-21T03:58:37.897297+01:00] logger.NOTICE: Connected to database successfully! {"sid":"7q3e1jeg5p6vff5fgnqnj8jq32"} []
[2021-03-21T03:58:37.901147+01:00] logger.NOTICE: Session key account_id set successfully! {"sid":"7q3e1jeg5p6vff5fgnqnj8jq32"} []
[2021-03-21T03:58:37.901196+01:00] logger.NOTICE: Session key username set successfully! {"sid":"7q3e1jeg5p6vff5fgnqnj8jq32"} []
[2021-03-21T03:58:37.901226+01:00] logger.NOTICE: Session key fname set successfully! {"sid":"7q3e1jeg5p6vff5fgnqnj8jq32"} []
[2021-03-21T03:58:37.923948+01:00] logger.NOTICE: Connected to database successfully! {"sid":"7q3e1jeg5p6vff5fgnqnj8jq32"} []
[2021-03-21T03:59:33.097403+01:00] logger.NOTICE: Connected to database successfully! {"sid":"7q3e1jeg5p6vff5fgnqnj8jq32"} []
[2021-03-21T03:59:33.104982+01:00] logger.NOTICE: Session key team_id set successfully! {"sid":"7q3e1jeg5p6vff5fgnqnj8jq32"} []
[2021-03-21T03:59:33.105045+01:00] logger.NOTICE: Session key team_name set successfully! {"sid":"7q3e1jeg5p6vff5fgnqnj8jq32"} []
[2021-03-21T03:59:33.105079+01:00] logger.NOTICE: Session key colour set successfully! {"sid":"7q3e1jeg5p6vff5fgnqnj8jq32"} []
[2021-03-21T03:59:33.105105+01:00] logger.NOTICE: Session key rating set successfully! {"sid":"7q3e1jeg5p6vff5fgnqnj8jq32"} []
[2021-03-21T10:15:16.060195+01:00] logger.NOTICE: Connected to database successfully! {"sid":"2ku1n4hi34kse2t5ofh1c547cl"} []
[2021-03-21T10:15:53.029508+01:00] logger.NOTICE: Connected to database successfully! {"sid":"2ku1n4hi34kse2t5ofh1c547cl"} []
[2021-03-21T10:15:53.311726+01:00] logger.NOTICE: Connected to database successfully! {"sid":"2ku1n4hi34kse2t5ofh1c547cl"} []
[2021-03-21T10:15:53.315406+01:00] logger.NOTICE: Session key account_id set successfully! {"sid":"2ku1n4hi34kse2t5ofh1c547cl"} []
[2021-03-21T10:15:53.315458+01:00] logger.NOTICE: Session key username set successfully! {"sid":"2ku1n4hi34kse2t5ofh1c547cl"} []
[2021-03-21T10:15:53.315489+01:00] logger.NOTICE: Session key fname set successfully! {"sid":"2ku1n4hi34kse2t5ofh1c547cl"} []
[2021-03-21T10:15:53.326530+01:00] logger.NOTICE: Connected to database successfully! {"sid":"2ku1n4hi34kse2t5ofh1c547cl"} []
[2021-03-21T10:25:26.074829+01:00] logger.NOTICE: Connected to database successfully! {"sid":"2ku1n4hi34kse2t5ofh1c547cl"} []
[2021-03-21T10:25:26.083928+01:00] logger.NOTICE: Session key team_id set successfully! {"sid":"2ku1n4hi34kse2t5ofh1c547cl"} []
[2021-03-21T10:25:26.083994+01:00] logger.NOTICE: Session key rating set successfully! {"sid":"2ku1n4hi34kse2t5ofh1c547cl"} []
[2021-03-21T10:25:33.585827+01:00] logger.NOTICE: Connected to database successfully! {"sid":"2ku1n4hi34kse2t5ofh1c547cl"} []
[2021-03-21T10:25:33.594009+01:00] logger.NOTICE: Session key team_id set successfully! {"sid":"2ku1n4hi34kse2t5ofh1c547cl"} []
[2021-03-21T10:25:33.594071+01:00] logger.NOTICE: Session key rating set successfully! {"sid":"2ku1n4hi34kse2t5ofh1c547cl"} []
[2021-03-21T10:25:34.500185+01:00] logger.NOTICE: Connected to database successfully! {"sid":"2ku1n4hi34kse2t5ofh1c547cl"} []
[2021-03-21T10:25:34.505834+01:00] logger.NOTICE: Session key team_id set successfully! {"sid":"2ku1n4hi34kse2t5ofh1c547cl"} []
[2021-03-21T10:25:34.505882+01:00] logger.NOTICE: Session key rating set successfully! {"sid":"2ku1n4hi34kse2t5ofh1c547cl"} []
[2021-03-21T10:25:35.326968+01:00] logger.NOTICE: Connected to database successfully! {"sid":"2ku1n4hi34kse2t5ofh1c547cl"} []
[2021-03-21T10:25:35.334597+01:00] logger.NOTICE: Session key team_id set successfully! {"sid":"2ku1n4hi34kse2t5ofh1c547cl"} []
[2021-03-21T10:25:35.334666+01:00] logger.NOTICE: Session key rating set successfully! {"sid":"2ku1n4hi34kse2t5ofh1c547cl"} []
[2021-03-21T10:25:36.060665+01:00] logger.NOTICE: Connected to database successfully! {"sid":"2ku1n4hi34kse2t5ofh1c547cl"} []
[2021-03-21T10:25:36.067709+01:00] logger.NOTICE: Session key team_id set successfully! {"sid":"2ku1n4hi34kse2t5ofh1c547cl"} []
[2021-03-21T10:25:36.067778+01:00] logger.NOTICE: Session key rating set successfully! {"sid":"2ku1n4hi34kse2t5ofh1c547cl"} []
[2021-03-21T10:25:36.763255+01:00] logger.NOTICE: Connected to database successfully! {"sid":"2ku1n4hi34kse2t5ofh1c547cl"} []
[2021-03-21T10:25:36.768985+01:00] logger.NOTICE: Session key team_id set successfully! {"sid":"2ku1n4hi34kse2t5ofh1c547cl"} []
[2021-03-21T10:25:36.769045+01:00] logger.NOTICE: Session key rating set successfully! {"sid":"2ku1n4hi34kse2t5ofh1c547cl"} []
[2021-03-21T10:25:37.497654+01:00] logger.NOTICE: Connected to database successfully! {"sid":"2ku1n4hi34kse2t5ofh1c547cl"} []
[2021-03-21T10:25:37.503057+01:00] logger.NOTICE: Session key team_id set successfully! {"sid":"2ku1n4hi34kse2t5ofh1c547cl"} []
[2021-03-21T10:25:37.503101+01:00] logger.NOTICE: Session key rating set successfully! {"sid":"2ku1n4hi34kse2t5ofh1c547cl"} []
[2021-03-21T10:25:39.806010+01:00] logger.NOTICE: Connected to database successfully! {"sid":"2ku1n4hi34kse2t5ofh1c547cl"} []
[2021-03-21T10:25:39.811812+01:00] logger.NOTICE: Session key team_id set successfully! {"sid":"2ku1n4hi34kse2t5ofh1c547cl"} []
[2021-03-21T10:25:39.811964+01:00] logger.NOTICE: Session key rating set successfully! {"sid":"2ku1n4hi34kse2t5ofh1c547cl"} []
[2021-03-21T10:25:40.428179+01:00] logger.NOTICE: Connected to database successfully! {"sid":"2ku1n4hi34kse2t5ofh1c547cl"} []
[2021-03-21T10:25:40.435103+01:00] logger.NOTICE: Session key team_id set successfully! {"sid":"2ku1n4hi34kse2t5ofh1c547cl"} []
[2021-03-21T10:25:40.435172+01:00] logger.NOTICE: Session key rating set successfully! {"sid":"2ku1n4hi34kse2t5ofh1c547cl"} []
[2021-03-21T10:25:40.993482+01:00] logger.NOTICE: Connected to database successfully! {"sid":"2ku1n4hi34kse2t5ofh1c547cl"} []
[2021-03-21T10:25:41.000826+01:00] logger.NOTICE: Session key team_id set successfully! {"sid":"2ku1n4hi34kse2t5ofh1c547cl"} []
[2021-03-21T10:25:41.000895+01:00] logger.NOTICE: Session key rating set successfully! {"sid":"2ku1n4hi34kse2t5ofh1c547cl"} []
[2021-03-21T10:25:42.237213+01:00] logger.NOTICE: Connected to database successfully! {"sid":"2ku1n4hi34kse2t5ofh1c547cl"} []
[2021-03-21T10:25:42.242741+01:00] logger.NOTICE: Session key team_id set successfully! {"sid":"2ku1n4hi34kse2t5ofh1c547cl"} []
[2021-03-21T10:25:42.242789+01:00] logger.NOTICE: Session key rating set successfully! {"sid":"2ku1n4hi34kse2t5ofh1c547cl"} []
[2021-03-21T10:27:32.989605+01:00] logger.NOTICE: Connected to database successfully! {"sid":"2ku1n4hi34kse2t5ofh1c547cl"} []
[2021-03-21T10:27:32.995519+01:00] logger.NOTICE: Session key team_id set successfully! {"sid":"2ku1n4hi34kse2t5ofh1c547cl"} []
[2021-03-21T10:27:32.995577+01:00] logger.NOTICE: Session key team_name set successfully! {"sid":"2ku1n4hi34kse2t5ofh1c547cl"} []
[2021-03-21T10:27:32.995656+01:00] logger.NOTICE: Session key rating set successfully! {"sid":"2ku1n4hi34kse2t5ofh1c547cl"} []
[2021-03-21T10:28:25.533897+01:00] logger.NOTICE: Connected to database successfully! {"sid":"2ku1n4hi34kse2t5ofh1c547cl"} []
[2021-03-21T10:28:25.539679+01:00] logger.NOTICE: Session key team_id set successfully! {"sid":"2ku1n4hi34kse2t5ofh1c547cl"} []
[2021-03-21T10:28:25.539727+01:00] logger.NOTICE: Session key team_name set successfully! {"sid":"2ku1n4hi34kse2t5ofh1c547cl"} []
[2021-03-21T10:28:25.539757+01:00] logger.NOTICE: Session key rating set successfully! {"sid":"2ku1n4hi34kse2t5ofh1c547cl"} []
[2021-03-21T10:28:39.810714+01:00] logger.NOTICE: Connected to database successfully! {"sid":"2ku1n4hi34kse2t5ofh1c547cl"} []
[2021-03-21T10:28:39.821317+01:00] logger.NOTICE: Session key team_id set successfully! {"sid":"2ku1n4hi34kse2t5ofh1c547cl"} []
[2021-03-21T10:28:39.821385+01:00] logger.NOTICE: Session key team_name set successfully! {"sid":"2ku1n4hi34kse2t5ofh1c547cl"} []
[2021-03-21T10:28:39.821416+01:00] logger.NOTICE: Session key colour set successfully! {"sid":"2ku1n4hi34kse2t5ofh1c547cl"} []
[2021-03-21T10:28:39.821441+01:00] logger.NOTICE: Session key rating set successfully! {"sid":"2ku1n4hi34kse2t5ofh1c547cl"} []
[2021-03-21T10:36:56.776359+01:00] logger.NOTICE: Connected to database successfully! {"sid":"2ku1n4hi34kse2t5ofh1c547cl"} []
[2021-03-21T10:37:24.390370+01:00] logger.NOTICE: Connected to database successfully! {"sid":"2ku1n4hi34kse2t5ofh1c547cl"} []
[2021-03-21T10:37:24.675494+01:00] logger.NOTICE: Connected to database successfully! {"sid":"2ku1n4hi34kse2t5ofh1c547cl"} []
[2021-03-21T10:37:24.679510+01:00] logger.NOTICE: Session key account_id set successfully! {"sid":"2ku1n4hi34kse2t5ofh1c547cl"} []
[2021-03-21T10:37:24.679560+01:00] logger.NOTICE: Session key username set successfully! {"sid":"2ku1n4hi34kse2t5ofh1c547cl"} []
[2021-03-21T10:37:24.679592+01:00] logger.NOTICE: Session key fname set successfully! {"sid":"2ku1n4hi34kse2t5ofh1c547cl"} []
[2021-03-21T10:37:24.699499+01:00] logger.NOTICE: Connected to database successfully! {"sid":"2ku1n4hi34kse2t5ofh1c547cl"} []
[2021-03-21T10:44:39.604880+01:00] logger.NOTICE: Connected to database successfully! {"sid":"2ku1n4hi34kse2t5ofh1c547cl"} []
[2021-03-21T10:44:39.612671+01:00] logger.NOTICE: Session key team_id set successfully! {"sid":"2ku1n4hi34kse2t5ofh1c547cl"} []
[2021-03-21T10:44:39.612745+01:00] logger.NOTICE: Session key rating set successfully! {"sid":"2ku1n4hi34kse2t5ofh1c547cl"} []
[2021-03-21T11:32:12.322552+01:00] logger.NOTICE: Connected to database successfully! {"sid":"2ku1n4hi34kse2t5ofh1c547cl"} []
[2021-03-21T11:32:12.329337+01:00] logger.NOTICE: Session key team_id set successfully! {"sid":"2ku1n4hi34kse2t5ofh1c547cl"} []
[2021-03-21T11:32:12.329395+01:00] logger.NOTICE: Session key team_name set successfully! {"sid":"2ku1n4hi34kse2t5ofh1c547cl"} []
[2021-03-21T11:32:12.329427+01:00] logger.NOTICE: Session key colour set successfully! {"sid":"2ku1n4hi34kse2t5ofh1c547cl"} []
[2021-03-21T11:32:12.329452+01:00] logger.NOTICE: Session key rating set successfully! {"sid":"2ku1n4hi34kse2t5ofh1c547cl"} []
[2021-03-21T12:05:38.136487+01:00] logger.NOTICE: Connected to database successfully! {"sid":"2ku1n4hi34kse2t5ofh1c547cl"} []
[2021-03-21T12:05:46.560257+01:00] logger.NOTICE: Connected to database successfully! {"sid":"2ku1n4hi34kse2t5ofh1c547cl"} []
[2021-03-21T12:05:58.538769+01:00] logger.NOTICE: Connected to database successfully! {"sid":"2ku1n4hi34kse2t5ofh1c547cl"} []
[2021-03-21T12:06:01.119565+01:00] logger.NOTICE: Connected to database successfully! {"sid":"2ku1n4hi34kse2t5ofh1c547cl"} []
[2021-03-21T12:06:02.518928+01:00] logger.NOTICE: Connected to database successfully! {"sid":"2ku1n4hi34kse2t5ofh1c547cl"} []
[2021-03-21T12:06:03.132259+01:00] logger.NOTICE: Connected to database successfully! {"sid":"2ku1n4hi34kse2t5ofh1c547cl"} []
[2021-03-21T12:06:03.718689+01:00] logger.NOTICE: Connected to database successfully! {"sid":"2ku1n4hi34kse2t5ofh1c547cl"} []
[2021-03-21T12:06:04.219554+01:00] logger.NOTICE: Connected to database successfully! {"sid":"2ku1n4hi34kse2t5ofh1c547cl"} []
[2021-03-21T12:06:04.595062+01:00] logger.NOTICE: Connected to database successfully! {"sid":"2ku1n4hi34kse2t5ofh1c547cl"} []
[2021-03-21T12:06:05.035882+01:00] logger.NOTICE: Connected to database successfully! {"sid":"2ku1n4hi34kse2t5ofh1c547cl"} []
[2021-03-21T12:06:05.352485+01:00] logger.NOTICE: Connected to database successfully! {"sid":"2ku1n4hi34kse2t5ofh1c547cl"} []
[2021-03-21T12:06:05.818535+01:00] logger.NOTICE: Connected to database successfully! {"sid":"2ku1n4hi34kse2t5ofh1c547cl"} []
[2021-03-21T12:06:06.485766+01:00] logger.NOTICE: Connected to database successfully! {"sid":"2ku1n4hi34kse2t5ofh1c547cl"} []
[2021-03-21T12:06:40.580761+01:00] logger.NOTICE: Connected to database successfully! {"sid":"2ku1n4hi34kse2t5ofh1c547cl"} []
[2021-03-21T12:07:02.893152+01:00] logger.NOTICE: Connected to database successfully! {"sid":"2ku1n4hi34kse2t5ofh1c547cl"} []
[2021-03-21T12:07:02.899052+01:00] logger.NOTICE: Session key account_id set successfully! {"sid":"2ku1n4hi34kse2t5ofh1c547cl"} []
[2021-03-21T12:07:02.899104+01:00] logger.NOTICE: Session key username set successfully! {"sid":"2ku1n4hi34kse2t5ofh1c547cl"} []
[2021-03-21T12:07:02.899130+01:00] logger.NOTICE: Session key fname set successfully! {"sid":"2ku1n4hi34kse2t5ofh1c547cl"} []
[2021-03-21T12:07:02.924272+01:00] logger.NOTICE: Connected to database successfully! {"sid":"2ku1n4hi34kse2t5ofh1c547cl"} []
[2021-03-21T12:07:02.971453+01:00] logger.NOTICE: Connected to database successfully! {"sid":"2ku1n4hi34kse2t5ofh1c547cl"} []
[2021-03-21T12:07:38.495177+01:00] logger.NOTICE: Connected to database successfully! {"sid":"2ku1n4hi34kse2t5ofh1c547cl"} []
[2021-03-21T12:07:38.502322+01:00] logger.NOTICE: Session key team_id set successfully! {"sid":"2ku1n4hi34kse2t5ofh1c547cl"} []
[2021-03-21T12:07:38.502388+01:00] logger.NOTICE: Session key team_name set successfully! {"sid":"2ku1n4hi34kse2t5ofh1c547cl"} []
[2021-03-21T12:07:38.502419+01:00] logger.NOTICE: Session key colour set successfully! {"sid":"2ku1n4hi34kse2t5ofh1c547cl"} []
[2021-03-21T12:07:38.502444+01:00] logger.NOTICE: Session key rating set successfully! {"sid":"2ku1n4hi34kse2t5ofh1c547cl"} []
[2021-03-21T12:08:06.670838+01:00] logger.NOTICE: Connected to database successfully! {"sid":"2ku1n4hi34kse2t5ofh1c547cl"} []
[2021-03-21T12:08:14.062138+01:00] logger.NOTICE: Connected to database successfully! {"sid":"2ku1n4hi34kse2t5ofh1c547cl"} []
[2021-03-21T12:08:33.952401+01:00] logger.NOTICE: Connected to database successfully! {"sid":"2ku1n4hi34kse2t5ofh1c547cl"} []
[2021-03-21T12:08:36.400450+01:00] logger.NOTICE: Connected to database successfully! {"sid":"2ku1n4hi34kse2t5ofh1c547cl"} []
[2021-03-21T12:08:37.469182+01:00] logger.NOTICE: Connected to database successfully! {"sid":"2ku1n4hi34kse2t5ofh1c547cl"} []
[2021-03-21T12:08:38.588011+01:00] logger.NOTICE: Connected to database successfully! {"sid":"2ku1n4hi34kse2t5ofh1c547cl"} []
[2021-03-21T12:08:39.407435+01:00] logger.NOTICE: Connected to database successfully! {"sid":"2ku1n4hi34kse2t5ofh1c547cl"} []
[2021-03-21T12:08:46.238053+01:00] logger.NOTICE: Connected to database successfully! {"sid":"2ku1n4hi34kse2t5ofh1c547cl"} []
[2021-03-21T12:08:46.417822+01:00] logger.NOTICE: Connected to database successfully! {"sid":"2ku1n4hi34kse2t5ofh1c547cl"} []
[2021-03-21T12:09:25.934522+01:00] logger.NOTICE: Connected to database successfully! {"sid":"2ku1n4hi34kse2t5ofh1c547cl"} []
[2021-03-21T12:09:46.265892+01:00] logger.NOTICE: Connected to database successfully! {"sid":"2ku1n4hi34kse2t5ofh1c547cl"} []
[2021-03-21T12:10:12.587470+01:00] logger.NOTICE: Connected to database successfully! {"sid":"2ku1n4hi34kse2t5ofh1c547cl"} []
[2021-03-21T12:10:12.843541+01:00] logger.NOTICE: Connected to database successfully! {"sid":"2ku1n4hi34kse2t5ofh1c547cl"} []
[2021-03-21T12:10:12.847370+01:00] logger.NOTICE: Session key account_id set successfully! {"sid":"2ku1n4hi34kse2t5ofh1c547cl"} []
[2021-03-21T12:10:12.847458+01:00] logger.NOTICE: Session key username set successfully! {"sid":"2ku1n4hi34kse2t5ofh1c547cl"} []
[2021-03-21T12:10:12.847493+01:00] logger.NOTICE: Session key fname set successfully! {"sid":"2ku1n4hi34kse2t5ofh1c547cl"} []
[2021-03-21T12:10:12.857448+01:00] logger.NOTICE: Connected to database successfully! {"sid":"2ku1n4hi34kse2t5ofh1c547cl"} []
[2021-03-21T12:10:26.703465+01:00] logger.NOTICE: Connected to database successfully! {"sid":"2ku1n4hi34kse2t5ofh1c547cl"} []
[2021-03-21T12:10:26.711547+01:00] logger.NOTICE: Session key team_id set successfully! {"sid":"2ku1n4hi34kse2t5ofh1c547cl"} []
[2021-03-21T12:10:26.711982+01:00] logger.NOTICE: Session key team_name set successfully! {"sid":"2ku1n4hi34kse2t5ofh1c547cl"} []
[2021-03-21T12:10:26.712170+01:00] logger.NOTICE: Session key colour set successfully! {"sid":"2ku1n4hi34kse2t5ofh1c547cl"} []
[2021-03-21T12:10:26.712255+01:00] logger.NOTICE: Session key rating set successfully! {"sid":"2ku1n4hi34kse2t5ofh1c547cl"} []
[2021-03-21T13:00:44.764160+01:00] logger.NOTICE: Connected to database successfully! {"sid":"2ku1n4hi34kse2t5ofh1c547cl"} []
